This file contains any messages produced by compilers while
running configure, to aid debugging if configure makes a mistake.

It was created by configure, which was
generated by GNU Autoconf 2.63.  Invocation command line was

  $ ./configure 

## --------- ##
## Platform. ##
## --------- ##

hostname = lserver
uname -m = x86_64
uname -r = 4.13.0-43-generic
uname -s = Linux
uname -v = #48~16.04.1-Ubuntu SMP Thu May 17 12:56:46 UTC 2018

/usr/bin/uname -p = unknown
/bin/uname -X     = unknown

/bin/arch              = unknown
/usr/bin/arch -k       = unknown
/usr/convex/getsysinfo = unknown
/usr/bin/hostinfo      = unknown
/bin/machine           = unknown
/usr/bin/oslevel       = unknown
/bin/universe          = unknown

PATH: /home/joea/.nvm/versions/node/v6.9.5/bin
PATH: /bin
PATH: /usr/local/sbin
PATH: /usr/local/bin
PATH: /usr/sbin
PATH: /usr/bin
PATH: /sbin
PATH: /bin
PATH: /usr/games
PATH: /usr/local/games
PATH: /snap/bin
PATH: /usr/lib/jvm/default-java/bin
PATH: /home/joeja/grails-1.1/bin
PATH: /public/android-sdk-linux_x86/tools
PATH: /public/android-sdk-linux_x86/platform-tools


## ----------- ##
## Core tests. ##
## ----------- ##

configure:1777: checking for gawk
configure:1807: result: no
configure:1777: checking for mawk
configure:1793: found /usr/bin/mawk
configure:1804: result: mawk
configure:1863: checking for gcc
configure:1879: found /usr/bin/gcc
configure:1890: result: gcc
configure:2122: checking for C compiler version
configure:2130: gcc --version >&5
gcc (Ubuntu 5.4.0-6ubuntu1~16.04.9) 5.4.0 20160609
Copyright (C) 2015 Free Software Foundation, Inc.
This is free software; see the source for copying conditions.  There is NO
warranty; not even for MERCHANTABILITY or FITNESS FOR A PARTICULAR PURPOSE.

configure:2134: $? = 0
configure:2141: gcc -v >&5
Using built-in specs.
COLLECT_GCC=gcc
COLLECT_LTO_WRAPPER=/usr/lib/gcc/x86_64-linux-gnu/5/lto-wrapper
Target: x86_64-linux-gnu
Configured with: ../src/configure -v --with-pkgversion='Ubuntu 5.4.0-6ubuntu1~16.04.9' --with-bugurl=file:///usr/share/doc/gcc-5/README.Bugs --enable-languages=c,ada,c++,java,go,d,fortran,objc,obj-c++ --prefix=/usr --program-suffix=-5 --enable-shared --enable-linker-build-id --libexecdir=/usr/lib --without-included-gettext --enable-threads=posix --libdir=/usr/lib --enable-nls --with-sysroot=/ --enable-clocale=gnu --enable-libstdcxx-debug --enable-libstdcxx-time=yes --with-default-libstdcxx-abi=new --enable-gnu-unique-object --disable-vtable-verify --enable-libmpx --enable-plugin --with-system-zlib --disable-browser-plugin --enable-java-awt=gtk --enable-gtk-cairo --with-java-home=/usr/lib/jvm/java-1.5.0-gcj-5-amd64/jre --enable-java-home --with-jvm-root-dir=/usr/lib/jvm/java-1.5.0-gcj-5-amd64 --with-jvm-jar-dir=/usr/lib/jvm-exports/java-1.5.0-gcj-5-amd64 --with-arch-directory=amd64 --with-ecj-jar=/usr/share/java/eclipse-ecj.jar --enable-objc-gc --enable-multiarch --disable-werror --with-arch-32=i686 --with-abi=m64 --with-multilib-list=m32,m64,mx32 --enable-multilib --with-tune=generic --enable-checking=release --build=x86_64-linux-gnu --host=x86_64-linux-gnu --target=x86_64-linux-gnu
Thread model: posix
gcc version 5.4.0 20160609 (Ubuntu 5.4.0-6ubuntu1~16.04.9) 
configure:2145: $? = 0
configure:2152: gcc -V >&5
gcc: error: unrecognized command line option '-V'
gcc: fatal error: no input files
compilation terminated.
configure:2156: $? = 1
configure:2179: checking for C compiler default output file name
configure:2201: gcc    conftest.c  >&5
configure:2205: $? = 0
configure:2243: result: a.out
configure:2262: checking whether the C compiler works
configure:2272: ./a.out
configure:2276: $? = 0
configure:2295: result: yes
configure:2302: checking whether we are cross compiling
configure:2304: result: no
configure:2307: checking for suffix of executables
configure:2314: gcc -o conftest    conftest.c  >&5
configure:2318: $? = 0
configure:2344: result: 
configure:2350: checking for suffix of object files
configure:2376: gcc -c   conftest.c >&5
configure:2380: $? = 0
configure:2405: result: o
configure:2409: checking whether we are using the GNU C compiler
configure:2438: gcc -c   conftest.c >&5
configure:2445: $? = 0
configure:2462: result: yes
configure:2471: checking whether gcc accepts -g
configure:2501: gcc -c -g  conftest.c >&5
configure:2508: $? = 0
configure:2609: result: yes
configure:2626: checking for gcc option to accept ISO C89
configure:2700: gcc  -c -g -O2  conftest.c >&5
configure:2707: $? = 0
configure:2730: result: none needed
configure:2793: checking for a BSD-compatible install
configure:2861: result: /usr/bin/install -c
configure:2872: checking whether make sets $(MAKE)
configure:2894: result: yes
configure:2946: checking for ranlib
configure:2962: found /usr/bin/ranlib
configure:2973: result: ranlib
configure:2998: checking for main in -libs
configure:3027: gcc -o conftest -g -O2   conftest.c -libs   >&5
/usr/bin/ld: cannot find -libs
collect2: error: ld returned 1 exit status
configure:3034: $? = 1
configure: failed program was:
| /* confdefs.h.  */
| #define PACKAGE_NAME ""
| #define PACKAGE_TARNAME ""
| #define PACKAGE_VERSION ""
| #define PACKAGE_STRING ""
| #define PACKAGE_BUGREPORT ""
| /* end confdefs.h.  */
| 
| 
| int
| main ()
| {
| return main ();
|   ;
|   return 0;
| }
configure:3055: result: no
configure:3072: checking how to run the C preprocessor
configure:3112: gcc -E  conftest.c
configure:3119: $? = 0
configure:3150: gcc -E  conftest.c
conftest.c:8:28: fatal error: ac_nonexistent.h: No such file or directory
compilation terminated.
configure:3157: $? = 1
configure: failed program was:
| /* confdefs.h.  */
| #define PACKAGE_NAME ""
| #define PACKAGE_TARNAME ""
| #define PACKAGE_VERSION ""
| #define PACKAGE_STRING ""
| #define PACKAGE_BUGREPORT ""
| /* end confdefs.h.  */
| #include <ac_nonexistent.h>
configure:3190: result: gcc -E
configure:3219: gcc -E  conftest.c
configure:3226: $? = 0
configure:3257: gcc -E  conftest.c
conftest.c:8:28: fatal error: ac_nonexistent.h: No such file or directory
compilation terminated.
configure:3264: $? = 1
configure: failed program was:
| /* confdefs.h.  */
| #define PACKAGE_NAME ""
| #define PACKAGE_TARNAME ""
| #define PACKAGE_VERSION ""
| #define PACKAGE_STRING ""
| #define PACKAGE_BUGREPORT ""
| /* end confdefs.h.  */
| #include <ac_nonexistent.h>
configure:3304: checking for grep that handles long lines and -e
configure:3364: result: /bin/grep
configure:3369: checking for egrep
configure:3433: result: /bin/grep -E
configure:3438: checking for ANSI C header files
configure:3468: gcc -c -g -O2  conftest.c >&5
configure:3475: $? = 0
configure:3574: gcc -o conftest -g -O2   conftest.c  >&5
configure:3578: $? = 0
configure:3584: ./conftest
configure:3588: $? = 0
configure:3606: result: yes
configure:3630: checking for sys/types.h
configure:3651: gcc -c -g -O2  conftest.c >&5
configure:3658: $? = 0
configure:3675: result: yes
configure:3630: checking for sys/stat.h
configure:3651: gcc -c -g -O2  conftest.c >&5
configure:3658: $? = 0
configure:3675: result: yes
configure:3630: checking for stdlib.h
configure:3651: gcc -c -g -O2  conftest.c >&5
configure:3658: $? = 0
configure:3675: result: yes
configure:3630: checking for string.h
configure:3651: gcc -c -g -O2  conftest.c >&5
configure:3658: $? = 0
configure:3675: result: yes
configure:3630: checking for memory.h
configure:3651: gcc -c -g -O2  conftest.c >&5
configure:3658: $? = 0
configure:3675: result: yes
configure:3630: checking for strings.h
configure:3651: gcc -c -g -O2  conftest.c >&5
configure:3658: $? = 0
configure:3675: result: yes
configure:3630: checking for inttypes.h
configure:3651: gcc -c -g -O2  conftest.c >&5
configure:3658: $? = 0
configure:3675: result: yes
configure:3630: checking for stdint.h
configure:3651: gcc -c -g -O2  conftest.c >&5
configure:3658: $? = 0
configure:3675: result: yes
configure:3630: checking for unistd.h
configure:3651: gcc -c -g -O2  conftest.c >&5
configure:3658: $? = 0
configure:3675: result: yes
configure:3694: checking for unistd.h
configure:3701: result: yes
configure:3851: checking time.h usability
configure:3868: gcc -c -g -O2  conftest.c >&5
configure:3875: $? = 0
configure:3889: result: yes
configure:3893: checking time.h presence
configure:3908: gcc -E  conftest.c
configure:3915: $? = 0
configure:3929: result: yes
configure:3957: checking for time.h
configure:3966: result: yes
configure:3986: checking for sys/stat.h
configure:3993: result: yes
configure:4132: checking for sys/types.h
configure:4139: result: yes
configure:4278: checking for string.h
configure:4285: result: yes
configure:4435: checking sys/socket.h usability
configure:4452: gcc -c -g -O2  conftest.c >&5
configure:4459: $? = 0
configure:4473: result: yes
configure:4477: checking sys/socket.h presence
configure:4492: gcc -E  conftest.c
configure:4499: $? = 0
configure:4513: result: yes
configure:4541: checking for sys/socket.h
configure:4550: result: yes
configure:4581: checking netdb.h usability
configure:4598: gcc -c -g -O2  conftest.c >&5
configure:4605: $? = 0
configure:4619: result: yes
configure:4623: checking netdb.h presence
configure:4638: gcc -E  conftest.c
configure:4645: $? = 0
configure:4659: result: yes
configure:4687: checking for netdb.h
configure:4696: result: yes
configure:4714: checking for pkg-config
configure:4730: found /usr/bin/pkg-config
configure:4742: result: yes
configure:4751: checking for an ANSI C-conforming const
configure:4826: gcc -c -g -O2  conftest.c >&5
configure:4833: $? = 0
configure:4848: result: yes
configure:4858: checking whether struct tm is in sys/time.h or time.h
configure:4888: gcc -c -g -O2  conftest.c >&5
configure:4895: $? = 0
configure:4910: result: time.h
configure:4924: checking for stat
configure:4980: gcc -o conftest -g -O2   conftest.c  >&5
configure:4987: $? = 0
configure:5009: result: yes
configure:5132: creating ./config.status

## ---------------------- ##
## Running config.status. ##
## ---------------------- ##

This file was extended by config.status, which was
generated by GNU Autoconf 2.63.  Invocation command line was

  CONFIG_FILES    = 
  CONFIG_HEADERS  = 
  CONFIG_LINKS    = 
  CONFIG_COMMANDS = 
  $ ./config.status 

on lserver

config.status:743: creating Makefile
config.status:743: creating src/gxtext/Makefile
config.status:743: creating src/Makefile
config.status:743: creating src/gxsearch/Makefile
config.status:743: creating src/gxmessagebox/Makefile
config.status:743: creating src/gxsocket/Makefile
config.status:743: creating config.h
config.status:959: config.h is unchanged

## ---------------- ##
## Cache variables. ##
## ---------------- ##

ac_cv_c_compiler_gnu=yes
ac_cv_c_const=yes
ac_cv_env_CC_set=
ac_cv_env_CC_value=
ac_cv_env_CFLAGS_set=
ac_cv_env_CFLAGS_value=
ac_cv_env_CPPFLAGS_set=
ac_cv_env_CPPFLAGS_value=
ac_cv_env_CPP_set=
ac_cv_env_CPP_value=
ac_cv_env_LDFLAGS_set=
ac_cv_env_LDFLAGS_value=
ac_cv_env_LIBS_set=
ac_cv_env_LIBS_value=
ac_cv_env_build_alias_set=
ac_cv_env_build_alias_value=
ac_cv_env_host_alias_set=
ac_cv_env_host_alias_value=
ac_cv_env_target_alias_set=
ac_cv_env_target_alias_value=
ac_cv_func_stat=yes
ac_cv_header_inttypes_h=yes
ac_cv_header_memory_h=yes
ac_cv_header_netdb_h=yes
ac_cv_header_stdc=yes
ac_cv_header_stdint_h=yes
ac_cv_header_stdlib_h=yes
ac_cv_header_string_h=yes
ac_cv_header_strings_h=yes
ac_cv_header_sys_socket_h=yes
ac_cv_header_sys_stat_h=yes
ac_cv_header_sys_types_h=yes
ac_cv_header_time_h=yes
ac_cv_header_unistd_h=yes
ac_cv_lib_ibs_main=no
ac_cv_objext=o
ac_cv_path_EGREP='/bin/grep -E'
ac_cv_path_GREP=/bin/grep
ac_cv_path_install='/usr/bin/install -c'
ac_cv_prog_AWK=mawk
ac_cv_prog_CPP='gcc -E'
ac_cv_prog_PKG_CONFIG=yes
ac_cv_prog_ac_ct_CC=gcc
ac_cv_prog_ac_ct_RANLIB=ranlib
ac_cv_prog_cc_c89=
ac_cv_prog_cc_g=yes
ac_cv_prog_make_make_set=yes
ac_cv_struct_tm=time.h

## ----------------- ##
## Output variables. ##
## ----------------- ##

AWK='mawk'
CC='gcc'
CFLAGS='-g -O2'
CPP='gcc -E'
CPPFLAGS=''
DEFS='-DHAVE_CONFIG_H'
ECHO_C=''
ECHO_N='-n'
ECHO_T=''
EGREP='/bin/grep -E'
EXEEXT=''
GREP='/bin/grep'
INSTALL_DATA='${INSTALL} -m 644'
INSTALL_PROGRAM='${INSTALL}'
INSTALL_SCRIPT='${INSTALL}'
LDFLAGS=''
LIBOBJS=''
LIBS=''
LTLIBOBJS=''
OBJEXT='o'
PACKAGE_BUGREPORT=''
PACKAGE_NAME=''
PACKAGE_STRING=''
PACKAGE_TARNAME=''
PACKAGE_VERSION=''
PATH_SEPARATOR=':'
PKG_CONFIG='yes'
RANLIB='ranlib'
SET_MAKE=''
SHELL='/bin/bash'
ac_ct_CC='gcc'
bindir='${exec_prefix}/bin'
build_alias=''
datadir='${datarootdir}'
datarootdir='${prefix}/share'
docdir='${datarootdir}/doc/${PACKAGE}'
dvidir='${docdir}'
exec_prefix='${prefix}'
host_alias=''
htmldir='${docdir}'
includedir='${prefix}/include'
infodir='${datarootdir}/info'
libdir='${exec_prefix}/lib'
libexecdir='${exec_prefix}/libexec'
localedir='${datarootdir}/locale'
localstatedir='${prefix}/var'
mandir='${datarootdir}/man'
oldincludedir='/usr/include'
pdfdir='${docdir}'
prefix='/usr/local'
program_transform_name='s,x,x,'
psdir='${docdir}'
sbindir='${exec_prefix}/sbin'
sharedstatedir='${prefix}/com'
sysconfdir='${prefix}/etc'
target_alias=''

## ----------- ##
## confdefs.h. ##
## ----------- ##

#define PACKAGE_NAME ""
#define PACKAGE_TARNAME ""
#define PACKAGE_VERSION ""
#define PACKAGE_STRING ""
#define PACKAGE_BUGREPORT ""
#define STDC_HEADERS 1
#define HAVE_SYS_TYPES_H 1
#define HAVE_SYS_STAT_H 1
#define HAVE_STDLIB_H 1
#define HAVE_STRING_H 1
#define HAVE_MEMORY_H 1
#define HAVE_STRINGS_H 1
#define HAVE_INTTYPES_H 1
#define HAVE_STDINT_H 1
#define HAVE_UNISTD_H 1
#define HAVE_UNISTD_H 1
#define HAVE_TIME_H 1
#define HAVE_SYS_STAT_H 1
#define HAVE_SYS_TYPES_H 1
#define HAVE_STRING_H 1
#define HAVE_SYS_SOCKET_H 1
#define HAVE_NETDB_H 1
#define HAVE_STAT 1

configure: exit 0
